2024-12-31 00:14:30 - [9109] - dell_idrac_monitor - DEBUG - 서버 정보 로드 완료: 3개의 서버
2024-12-31 00:14:30 - [9109] - dell_idrac_monitor - INFO - 빠른 연결 서버 설정: web1
2024-12-31 00:14:31 - [9109] - dell_idrac_monitor - INFO - 애플리케이션 종료 프로세스 시작
2024-12-31 00:14:31 - [9109] - dell_idrac_monitor - DEBUG - 서버 연결 해제 중...
2024-12-31 00:14:31 - [9109] - dell_idrac_monitor - DEBUG - 서버 연결 해제 완료
2024-12-31 00:14:31 - [9109] - dell_idrac_monitor - DEBUG - 리소스 정리 중...
2024-12-31 00:16:19 - [9692] - dell_idrac_monitor - DEBUG - 서버 정보 로드 완료: 3개의 서버
2024-12-31 00:16:19 - [9692] - dell_idrac_monitor - INFO - 빠른 연결 서버 설정: web1
2024-12-31 00:16:22 - [9692] - dell_idrac_monitor - INFO - 애플리케이션 종료 프로세스 시작
2024-12-31 00:16:22 - [9692] - dell_idrac_monitor - DEBUG - 서버 연결 해제 중...
2024-12-31 00:16:22 - [9692] - dell_idrac_monitor - DEBUG - 서버 연결 해제 완료
2024-12-31 00:16:22 - [9692] - dell_idrac_monitor - DEBUG - 리소스 정리 중...
2024-12-31 00:16:35 - [9785] - dell_idrac_monitor - DEBUG - 서버 정보 로드 완료: 3개의 서버
2024-12-31 00:16:35 - [9785] - dell_idrac_monitor - INFO - 빠른 연결 서버 설정: web1
2024-12-31 00:16:53 - [9785] - dell_idrac_monitor - INFO - 애플리케이션 종료 프로세스 시작
2024-12-31 00:16:53 - [9785] - dell_idrac_monitor - DEBUG - 서버 연결 해제 중...
2024-12-31 00:16:53 - [9785] - dell_idrac_monitor - DEBUG - 서버 연결 해제 완료
2024-12-31 00:16:53 - [9785] - dell_idrac_monitor - DEBUG - 리소스 정리 중...
2024-12-31 00:17:04 - [9908] - dell_idrac_monitor - DEBUG - 서버 정보 로드 완료: 3개의 서버
2024-12-31 00:17:04 - [9908] - dell_idrac_monitor - INFO - 빠른 연결 서버 설정: web1
2024-12-31 00:17:08 - [9908] - dell_idrac_monitor - INFO - 애플리케이션 종료 프로세스 시작
2024-12-31 00:17:08 - [9908] - dell_idrac_monitor - DEBUG - 서버 연결 해제 중...
2024-12-31 00:17:08 - [9908] - dell_idrac_monitor - DEBUG - 서버 연결 해제 완료
2024-12-31 00:17:08 - [9908] - dell_idrac_monitor - DEBUG - 리소스 정리 중...
2024-12-31 00:19:03 - [10396] - dell_idrac_monitor - DEBUG - 서버 정보 로드 완료: 3개의 서버
2024-12-31 00:19:03 - [10396] - dell_idrac_monitor - INFO - 빠른 연결 서버 설정: web1
2024-12-31 00:19:06 - [10396] - dell_idrac_monitor - INFO - 애플리케이션 종료 프로세스 시작
2024-12-31 00:19:06 - [10396] - dell_idrac_monitor - DEBUG - 서버 연결 해제 중...
2024-12-31 00:19:06 - [10396] - dell_idrac_monitor - DEBUG - 서버 연결 해제 완료
2024-12-31 00:19:06 - [10396] - dell_idrac_monitor - DEBUG - 리소스 정리 중...
2024-12-31 00:19:06 - [10396] - dell_idrac_monitor - ERROR - 종료 중 오류 발생: name 'QCoreApplication' is not defined
2024-12-31 00:19:06 - [10396] - dell_idrac_monitor - INFO - 애플리케이션 종료 완료
2024-12-31 00:21:09 - [11027] - dell_idrac_monitor - DEBUG - 서버 정보 로드 완료: 3개의 서버
2024-12-31 00:21:09 - [11027] - dell_idrac_monitor - INFO - 빠른 연결 서버 설정: web1
2024-12-31 00:21:12 - [11027] - dell_idrac_monitor - INFO - 애플리케이션 종료 프로세스 시작
2024-12-31 00:21:12 - [11027] - dell_idrac_monitor - DEBUG - 서버 연결 해제 중...
2024-12-31 00:21:12 - [11027] - dell_idrac_monitor - DEBUG - 서버 연결 해제 완료
2024-12-31 00:21:12 - [11027] - dell_idrac_monitor - DEBUG - 리소스 정리 중...
2024-12-31 00:21:19 - [11069] - dell_idrac_monitor - DEBUG - 서버 정보 로드 완료: 3개의 서버
2024-12-31 00:21:19 - [11069] - dell_idrac_monitor - INFO - 빠른 연결 서버 설정: web1
2024-12-31 00:21:27 - [11069] - dell_idrac_monitor - INFO - 애플리케이션 종료 프로세스 시작
2024-12-31 00:21:27 - [11069] - dell_idrac_monitor - DEBUG - 서버 연결 해제 중...
2024-12-31 00:21:27 - [11069] - dell_idrac_monitor - DEBUG - 서버 연결 해제 완료
2024-12-31 00:21:27 - [11069] - dell_idrac_monitor - DEBUG - 리소스 정리 중...
